2025-07-30 14:02:18,311 - __main__ - INFO - Running SeattleTimesScraper...
2025-07-30 14:02:18,451 - __main__ - INFO - SeattleTimesScraper returned 0 articles
2025-07-30 14:02:20,452 - __main__ - INFO - Running StrangerScraper...
2025-07-30 14:02:21,857 - __main__ - INFO - StrangerScraper returned 0 articles
2025-07-30 14:02:23,858 - __main__ - INFO - Running CHSScraper...
2025-07-30 14:02:24,192 - __main__ - INFO - CHSScraper returned 0 articles
2025-07-30 14:02:26,192 - __main__ - INFO - Running RSSFeedScraper...
2025-07-30 14:02:26,668 - __main__ - INFO - RSSFeedScraper returned 0 articles
2025-07-30 14:02:28,669 - __main__ - WARNING - No articles found
2025-07-30 14:04:15,261 - SeattleTimesScraper - INFO - Found 0 total links on https://www.seattletimes.com/seattle-news/
2025-07-30 14:04:15,268 - SeattleTimesScraper - INFO - Found 0 potential article links
2025-07-30 14:05:34,884 - __main__ - INFO - Running SeattleTimesScraper...
2025-07-30 14:05:35,034 - SeattleTimesScraper - INFO - Found 0 total links on https://www.seattletimes.com/seattle-news/
2025-07-30 14:05:35,034 - SeattleTimesScraper - INFO - Found 0 potential article links
2025-07-30 14:05:35,051 - SeattleTimesScraper - INFO - Found 0 total links on https://www.seattletimes.com/politics/
2025-07-30 14:05:35,052 - SeattleTimesScraper - INFO - Found 0 potential article links
2025-07-30 14:05:35,052 - __main__ - INFO - SeattleTimesScraper returned 0 articles
2025-07-30 14:05:37,054 - __main__ - INFO - Running StrangerScraper...
2025-07-30 14:05:37,812 - StrangerScraper - INFO - Found 58 links on Stranger search page
2025-07-30 14:05:37,812 - StrangerScraper - INFO - Found 0 Stranger article links
2025-07-30 14:05:37,813 - __main__ - INFO - StrangerScraper returned 0 articles
2025-07-30 14:05:39,814 - __main__ - INFO - Running CHSScraper...
2025-07-30 14:05:40,160 - CHSScraper - INFO - Found 163 links on CHS search page
2025-07-30 14:05:40,161 - CHSScraper - INFO - Found 70 CHS article links
2025-07-30 14:05:45,502 - CHSScraper - ERROR - Failed to extract from https://www.capitolhillseattle.com/2025/07/mayor-touts-seattle-police-recruitment-moving-past-100-new-hires-so-far-in-2025/?share=facebook: 400 Client Error: Bad Request for url: https://www.facebook.com/sharer.php?u=https%3A%2F%2Fwww.capitolhillseattle.com%2F2025%2F07%2Fmayor-touts-seattle-police-recruitment-moving-past-100-new-hires-so-far-in-2025%2F&t=Mayor%20touts%20Seattle%20Police%20recruitment%20moving%20past%20100%20new%20hires%20so%20far%20in%202025
2025-07-30 14:05:46,505 - __main__ - INFO - CHSScraper returned 4 articles
2025-07-30 14:05:48,506 - __main__ - INFO - Running RSSFeedScraper...
2025-07-30 14:05:48,968 - __main__ - INFO - RSSFeedScraper returned 0 articles
2025-07-30 14:05:50,982 - __main__ - INFO - Saved 4 articles to seattle_news_20250730_140550.csv
2025-07-30 14:06:54,444 - __main__ - INFO - Running SeattleTimesScraper...
2025-07-30 14:06:54,736 - SeattleTimesScraper - INFO - Found 0 total links on https://www.seattletimes.com/seattle-news/
2025-07-30 14:06:54,737 - SeattleTimesScraper - INFO - Found 0 potential article links
2025-07-30 14:06:54,757 - SeattleTimesScraper - INFO - Found 0 total links on https://www.seattletimes.com/politics/
2025-07-30 14:06:54,758 - SeattleTimesScraper - INFO - Found 0 potential article links
2025-07-30 14:06:54,758 - __main__ - INFO - SeattleTimesScraper returned 0 articles
2025-07-30 14:06:56,758 - __main__ - INFO - Running StrangerScraper...
2025-07-30 14:06:57,648 - StrangerScraper - INFO - Found 58 links on Stranger search page
2025-07-30 14:06:57,648 - StrangerScraper - INFO - Found 0 Stranger article links
2025-07-30 14:06:57,648 - __main__ - INFO - StrangerScraper returned 0 articles
2025-07-30 14:06:59,650 - __main__ - INFO - Running CHSScraper...
2025-07-30 14:07:00,148 - CHSScraper - INFO - Found 163 links on CHS search page
2025-07-30 14:07:00,148 - CHSScraper - INFO - Found 50 CHS article links
2025-07-30 14:07:06,557 - __main__ - INFO - CHSScraper returned 5 articles
2025-07-30 14:07:08,559 - __main__ - INFO - Running RSSFeedScraper...
2025-07-30 14:07:09,020 - __main__ - INFO - RSSFeedScraper returned 0 articles
2025-07-30 14:07:11,026 - __main__ - INFO - Saved 5 articles to seattle_news_20250730_140711.csv
2025-07-30 14:11:36,763 - __main__ - INFO - Running SeattleTimesScraper...
2025-07-30 14:11:36,902 - SeattleTimesScraper - WARNING - Got status 202 from https://www.seattletimes.com/seattle-news/
2025-07-30 14:11:36,924 - SeattleTimesScraper - WARNING - Got status 202 from https://www.seattletimes.com/politics/
2025-07-30 14:11:36,925 - __main__ - INFO - SeattleTimesScraper returned 0 articles
2025-07-30 14:11:38,926 - __main__ - INFO - Running SimpleSeattleTimesScraper...
2025-07-30 14:11:39,073 - __main__ - INFO - SimpleSeattleTimesScraper returned 0 articles
2025-07-30 14:11:41,074 - __main__ - INFO - Running StrangerScraper...
2025-07-30 14:11:42,820 - StrangerScraper - INFO - Found 58 links on Stranger search page
2025-07-30 14:11:42,820 - StrangerScraper - INFO - Found 0 Stranger article links
2025-07-30 14:11:42,820 - __main__ - INFO - StrangerScraper returned 0 articles
2025-07-30 14:11:44,821 - __main__ - INFO - Running CHSScraper...
2025-07-30 14:11:45,161 - CHSScraper - INFO - Found 163 links on CHS search page
2025-07-30 14:11:45,161 - CHSScraper - INFO - Found 10 CHS article links
2025-07-30 14:12:00,389 - __main__ - INFO - CHSScraper returned 5 articles
2025-07-30 14:12:02,390 - __main__ - INFO - Running RSSFeedScraper...
2025-07-30 14:12:03,331 - __main__ - INFO - RSSFeedScraper returned 2 articles
2025-07-30 14:12:05,340 - __main__ - INFO - Removed 0 duplicates
2025-07-30 14:12:05,347 - __main__ - INFO - Saved 7 articles to seattle_news_20250730_141205.csv
2025-07-30 14:13:40,694 - __main__ - INFO - Running SeattleTimesScraper...
2025-07-30 14:13:40,839 - SeattleTimesScraper - WARNING - Got status 202 from https://www.seattletimes.com/seattle-news/
2025-07-30 14:13:40,859 - SeattleTimesScraper - WARNING - Got status 202 from https://www.seattletimes.com/politics/
2025-07-30 14:13:40,860 - __main__ - INFO - SeattleTimesScraper returned 0 articles
2025-07-30 14:13:42,861 - __main__ - INFO - Running SimpleSeattleTimesScraper...
2025-07-30 14:13:43,027 - __main__ - INFO - SimpleSeattleTimesScraper returned 0 articles
2025-07-30 14:13:45,028 - __main__ - INFO - Running StrangerScraper...
2025-07-30 14:13:45,831 - StrangerScraper - INFO - Found 58 links on Stranger search page
2025-07-30 14:13:45,832 - StrangerScraper - INFO - Found 0 Stranger article links
2025-07-30 14:13:45,832 - __main__ - INFO - StrangerScraper returned 0 articles
2025-07-30 14:13:47,834 - __main__ - INFO - Running CHSScraper...
2025-07-30 14:13:48,354 - CHSScraper - INFO - Found 163 links on CHS search page
2025-07-30 14:13:48,354 - CHSScraper - INFO - Found 10 CHS article links
2025-07-30 14:13:59,825 - __main__ - INFO - CHSScraper returned 5 articles
2025-07-30 14:14:01,826 - __main__ - INFO - Running RSSFeedScraper...
2025-07-30 14:14:02,701 - __main__ - INFO - RSSFeedScraper returned 2 articles
2025-07-30 14:14:04,703 - __main__ - INFO - Removed 0 duplicates
2025-07-30 14:14:04,710 - __main__ - INFO - Saved 7 articles to seattle_news_20250730_141404.csv
2025-07-30 14:15:27,192 - __main__ - INFO - Running SeattleTimesScraper...
2025-07-30 14:15:27,328 - SeattleTimesScraper - INFO - Site may be rate limiting (202). Trying RSS fallback.
2025-07-30 14:15:27,353 - SeattleTimesScraper - INFO - Site may be rate limiting (202). Trying RSS fallback.
2025-07-30 14:15:27,353 - __main__ - INFO - SeattleTimesScraper returned 0 articles
2025-07-30 14:15:29,355 - __main__ - INFO - Running SimpleSeattleTimesScraper...
2025-07-30 14:15:29,488 - __main__ - INFO - SimpleSeattleTimesScraper returned 0 articles
2025-07-30 14:15:31,489 - __main__ - INFO - Running StrangerScraper...
2025-07-30 14:15:32,248 - StrangerScraper - INFO - Found 58 links on Stranger search page
2025-07-30 14:15:32,248 - StrangerScraper - INFO - Found 0 Stranger article links
2025-07-30 14:15:32,248 - __main__ - INFO - StrangerScraper returned 0 articles
2025-07-30 14:15:34,250 - __main__ - INFO - Running CHSScraper...
2025-07-30 14:15:34,580 - CHSScraper - INFO - Found 163 links on CHS search page
2025-07-30 14:15:34,581 - CHSScraper - INFO - Found 10 CHS article links
2025-07-30 14:15:41,339 - __main__ - INFO - CHSScraper returned 5 articles
2025-07-30 14:15:43,340 - __main__ - INFO - Running RSSFeedScraper...
2025-07-30 14:15:44,221 - __main__ - INFO - RSSFeedScraper returned 2 articles
2025-07-30 14:15:46,224 - __main__ - INFO - Removed 0 duplicates
2025-07-30 14:15:46,229 - __main__ - INFO - Saved 7 articles to seattle_news_20250730_141546.csv
2025-07-30 14:22:23,726 - __main__ - INFO - Running SeattleTimesScraper...
2025-07-30 14:22:23,870 - SeattleTimesScraper - INFO - Site may be rate limiting (202). Trying Wayback Machine...
2025-07-30 14:22:24,896 - __main__ - INFO - Found archived version: http://web.archive.org/web/20250730050005/https://www.seattletimes.com/seattle-news/
2025-07-30 14:22:27,518 - SeattleTimesScraper - INFO - Found 22 URLs from Wayback Machine
2025-07-30 14:22:37,528 - SeattleTimesScraper - INFO - Site may be rate limiting (202). Trying Wayback Machine...
2025-07-30 14:22:38,104 - __main__ - INFO - Found archived version: http://web.archive.org/web/20250409101602/https://www.seattletimes.com/politics/
2025-07-30 14:22:39,494 - SeattleTimesScraper - INFO - Found 37 URLs from Wayback Machine
2025-07-30 14:22:49,375 - __main__ - INFO - SeattleTimesScraper returned 4 articles
2025-07-30 14:22:51,377 - __main__ - INFO - Running SimpleSeattleTimesScraper...
2025-07-30 14:22:51,492 - SimpleSeattleTimesScraper - INFO - Few RSS results, trying Wayback Machine...
2025-07-30 14:22:52,340 - __main__ - INFO - Found archived version: http://web.archive.org/web/20250101234156/https://www.seattletimes.com/seattle-news/
2025-07-30 14:22:52,721 - __main__ - INFO - Found archived version: http://web.archive.org/web/20241201030142/https://www.seattletimes.com/seattle-news/
2025-07-30 14:22:53,156 - __main__ - INFO - Found archived version: http://web.archive.org/web/20241102080816/https://www.seattletimes.com/seattle-news/
2025-07-30 14:22:53,881 - __main__ - INFO - Found archived version: http://web.archive.org/web/20241001174142/https://www.seattletimes.com/seattle-news/
2025-07-30 14:22:54,515 - __main__ - INFO - Found archived version: http://web.archive.org/web/20240901180845/https://www.seattletimes.com/seattle-news/
2025-07-30 14:22:57,197 - __main__ - INFO - SimpleSeattleTimesScraper returned 0 articles
2025-07-30 14:22:59,198 - __main__ - INFO - Running StrangerScraper...
2025-07-30 14:23:00,003 - StrangerScraper - INFO - Found 58 links on Stranger search page
2025-07-30 14:23:00,003 - StrangerScraper - INFO - No Stranger articles found, trying Wayback Machine...
2025-07-30 14:23:00,849 - StrangerScraper - INFO - Found 0 Stranger article links
2025-07-30 14:23:00,850 - __main__ - INFO - StrangerScraper returned 0 articles
2025-07-30 14:23:02,851 - __main__ - INFO - Running CHSScraper...
2025-07-30 14:23:03,391 - CHSScraper - INFO - Found 163 links on CHS search page
2025-07-30 14:23:03,392 - CHSScraper - INFO - Found 10 CHS article links
2025-07-30 14:23:11,957 - __main__ - INFO - CHSScraper returned 5 articles
2025-07-30 14:23:13,958 - __main__ - INFO - Running RSSFeedScraper...
2025-07-30 14:23:14,878 - __main__ - INFO - RSSFeedScraper returned 2 articles
2025-07-30 14:23:16,880 - __main__ - INFO - Removed 0 duplicates
2025-07-30 14:23:16,886 - __main__ - INFO - Saved 11 articles to seattle_news_20250730_142316.csv
2025-07-30 14:26:41,218 - __main__ - INFO - Running SeattleTimesScraper...
2025-07-30 14:26:41,334 - SeattleTimesScraper - INFO - Site may be rate limiting (202). Trying Wayback Machine...
2025-07-30 14:26:41,572 - __main__ - INFO - Found archived version: http://web.archive.org/web/20250730050005/https://www.seattletimes.com/seattle-news/
2025-07-30 14:26:41,878 - SeattleTimesScraper - INFO - Found 0 URLs from Wayback Machine
2025-07-30 14:26:41,901 - SeattleTimesScraper - INFO - Site may be rate limiting (202). Trying Wayback Machine...
2025-07-30 14:26:42,016 - __main__ - INFO - Found archived version: http://web.archive.org/web/20250409101602/https://www.seattletimes.com/politics/
2025-07-30 14:26:42,114 - SeattleTimesScraper - INFO - Found 0 URLs from Wayback Machine
2025-07-30 14:26:42,115 - __main__ - INFO - SeattleTimesScraper returned 0 articles
2025-07-30 14:26:44,116 - __main__ - INFO - Running SimpleSeattleTimesScraper...
2025-07-30 14:26:44,256 - SimpleSeattleTimesScraper - INFO - Few RSS results, trying Wayback Machine...
2025-07-30 14:26:49,604 - __main__ - INFO - Found archived version: http://web.archive.org/web/20250101234156/https://www.seattletimes.com/seattle-news/
2025-07-30 14:26:49,790 - __main__ - INFO - Found archived version: http://web.archive.org/web/20241201030142/https://www.seattletimes.com/seattle-news/
2025-07-30 14:26:49,920 - __main__ - INFO - Found archived version: http://web.archive.org/web/20241102080816/https://www.seattletimes.com/seattle-news/
2025-07-30 14:26:50,010 - __main__ - INFO - Found archived version: http://web.archive.org/web/20241001174142/https://www.seattletimes.com/seattle-news/
2025-07-30 14:26:50,408 - __main__ - INFO - SimpleSeattleTimesScraper returned 0 articles
2025-07-30 14:26:52,409 - __main__ - INFO - Running StrangerScraper...
2025-07-30 14:26:54,126 - StrangerScraper - INFO - Found 58 links on Stranger search page
2025-07-30 14:26:54,127 - StrangerScraper - INFO - No Stranger articles found, trying Wayback Machine...
2025-07-30 14:26:54,358 - StrangerScraper - INFO - Found 0 Stranger article links
2025-07-30 14:26:54,358 - __main__ - INFO - StrangerScraper returned 0 articles
2025-07-30 14:26:56,360 - __main__ - INFO - Running CHSScraper...
2025-07-30 14:26:56,756 - CHSScraper - INFO - Found 163 links on CHS search page
2025-07-30 14:26:56,757 - CHSScraper - INFO - Found 10 CHS article links
2025-07-30 14:27:10,149 - __main__ - INFO - CHSScraper returned 10 articles
2025-07-30 14:27:12,151 - __main__ - INFO - Running RSSFeedScraper...
2025-07-30 14:27:12,984 - __main__ - INFO - RSSFeedScraper returned 2 articles
2025-07-30 14:27:14,986 - __main__ - INFO - Removed 0 duplicates
2025-07-30 14:27:14,992 - __main__ - INFO - Saved 12 articles to seattle_news_20250730_142714.csv
2025-07-30 14:29:05,207 - __main__ - INFO - Running SeattleTimesScraper...
2025-07-30 14:29:05,328 - SeattleTimesScraper - INFO - Site may be rate limiting (202). Trying Wayback Machine...
2025-07-30 14:29:05,759 - __main__ - INFO - Found archived version: http://web.archive.org/web/20250730050005/https://www.seattletimes.com/seattle-news/
2025-07-30 14:29:07,570 - SeattleTimesScraper - INFO - Found 0 URLs from Wayback Machine
2025-07-30 14:29:08,691 - SeattleTimesScraper - INFO - Site may be rate limiting (202). Trying Wayback Machine...
2025-07-30 14:29:09,504 - __main__ - INFO - Found archived version: http://web.archive.org/web/20250409101602/https://www.seattletimes.com/politics/
2025-07-30 14:29:11,041 - SeattleTimesScraper - INFO - Found 0 URLs from Wayback Machine
2025-07-30 14:29:11,041 - __main__ - INFO - SeattleTimesScraper returned 0 articles
2025-07-30 14:29:13,042 - __main__ - INFO - Running SimpleSeattleTimesScraper...
2025-07-30 14:29:13,174 - SimpleSeattleTimesScraper - INFO - Few RSS results, trying Wayback Machine...
2025-07-30 14:29:13,840 - __main__ - INFO - Found archived version: http://web.archive.org/web/20250101234156/https://www.seattletimes.com/seattle-news/
2025-07-30 14:29:14,439 - __main__ - INFO - Found archived version: http://web.archive.org/web/20241201030142/https://www.seattletimes.com/seattle-news/
2025-07-30 14:29:15,205 - __main__ - INFO - Found archived version: http://web.archive.org/web/20241102080816/https://www.seattletimes.com/seattle-news/
2025-07-30 14:29:31,839 - urllib3.connectionpool - WARNING - Retrying (Retry(total=1, connect=None, read=None, redirect=None, status=None)) after connection broken by 'ReadTimeoutError("HTTPConnectionPool(host='web.archive.org', port=80): Read timed out. (read timeout=10)")': /web/20241201030142/https://www.seattletimes.com/seattle-news/
2025-07-30 14:29:34,237 - __main__ - INFO - SimpleSeattleTimesScraper returned 0 articles
2025-07-30 14:29:36,238 - __main__ - INFO - Running StrangerScraper...
2025-07-30 14:29:37,406 - StrangerScraper - INFO - Found 58 links on Stranger search page
2025-07-30 14:29:37,407 - StrangerScraper - INFO - No Stranger articles found, trying Wayback Machine...
2025-07-30 14:29:41,129 - StrangerScraper - INFO - Found 0 Stranger article links
2025-07-30 14:29:41,129 - __main__ - INFO - StrangerScraper returned 0 articles
2025-07-30 14:29:43,131 - __main__ - INFO - Running CHSScraper...
2025-07-30 14:29:44,614 - CHSScraper - INFO - Found 163 links on CHS search page
2025-07-30 14:29:44,615 - CHSScraper - INFO - Found 10 CHS article links
2025-07-30 14:30:09,634 - __main__ - INFO - CHSScraper returned 10 articles
2025-07-30 14:30:11,635 - __main__ - INFO - Running RSSFeedScraper...
2025-07-30 14:30:14,421 - __main__ - INFO - RSSFeedScraper returned 10 articles
2025-07-30 14:30:16,425 - __main__ - INFO - Removed 0 duplicates
2025-07-30 14:30:16,431 - __main__ - INFO - Saved 20 articles to seattle_news_20250730_143016.csv
2025-08-01 13:34:49,940 - __main__ - INFO - Running SeattleTimesScraper...
2025-08-01 13:34:50,156 - SeattleTimesScraper - INFO - Site may be rate limiting (202). Trying Wayback Machine...
2025-08-01 13:34:51,167 - __main__ - INFO - Found archived version: http://web.archive.org/web/20250730050005/https://www.seattletimes.com/seattle-news/
2025-08-01 13:34:52,660 - SeattleTimesScraper - INFO - Found 0 URLs from Wayback Machine
2025-08-01 13:34:52,705 - SeattleTimesScraper - INFO - Site may be rate limiting (202). Trying Wayback Machine...
2025-08-01 13:34:54,741 - __main__ - INFO - Found archived version: http://web.archive.org/web/20250409101602/https://www.seattletimes.com/politics/
2025-08-01 13:34:56,614 - SeattleTimesScraper - INFO - Found 0 URLs from Wayback Machine
2025-08-01 13:34:56,615 - __main__ - INFO - SeattleTimesScraper returned 0 articles
2025-08-01 13:34:58,616 - __main__ - INFO - Running SimpleSeattleTimesScraper...
2025-08-01 13:34:59,054 - SimpleSeattleTimesScraper - INFO - Few RSS results, trying Wayback Machine...
2025-08-01 13:35:00,474 - __main__ - INFO - Found archived version: http://web.archive.org/web/20250130031143/https://www.seattletimes.com/seattle-news/
2025-08-01 13:35:02,559 - __main__ - INFO - Found archived version: http://web.archive.org/web/20250101234156/https://www.seattletimes.com/seattle-news/
2025-08-01 13:35:03,495 - __main__ - INFO - Found archived version: http://web.archive.org/web/20241201030142/https://www.seattletimes.com/seattle-news/
2025-08-01 13:35:04,158 - __main__ - INFO - Found archived version: http://web.archive.org/web/20241102080816/https://www.seattletimes.com/seattle-news/
2025-08-01 13:35:13,495 - __main__ - INFO - SimpleSeattleTimesScraper returned 0 articles
2025-08-01 13:35:15,496 - __main__ - INFO - Running StrangerScraper...
2025-08-01 13:35:17,642 - StrangerScraper - INFO - Found 58 links on Stranger search page
2025-08-01 13:35:17,643 - StrangerScraper - INFO - No Stranger articles found, trying Wayback Machine...
2025-08-01 13:35:22,031 - StrangerScraper - INFO - Found 0 Stranger article links
2025-08-01 13:35:22,032 - __main__ - INFO - StrangerScraper returned 0 articles
2025-08-01 13:35:24,034 - __main__ - INFO - Running CHSScraper...
2025-08-01 13:35:26,386 - CHSScraper - INFO - Found 163 links on CHS search page
2025-08-01 13:35:26,387 - CHSScraper - INFO - Found 10 CHS article links
2025-08-01 13:35:57,386 - __main__ - INFO - CHSScraper returned 10 articles
2025-08-01 13:35:59,389 - __main__ - INFO - Running RSSFeedScraper...
2025-08-01 13:36:03,654 - __main__ - INFO - RSSFeedScraper returned 18 articles
2025-08-01 13:36:05,683 - __main__ - INFO - Removed 0 duplicates
2025-08-01 13:36:05,833 - __main__ - INFO - Saved 28 articles to seattle_news_20250801_133605.csv
2025-08-01 13:37:43,794 - __main__ - INFO - Running SeattleTimesScraper...
2025-08-01 13:37:43,901 - SeattleTimesScraper - INFO - Site may be rate limiting (202). Trying Wayback Machine...
2025-08-01 13:37:44,008 - __main__ - INFO - Found archived version: http://web.archive.org/web/20250730050005/https://www.seattletimes.com/seattle-news/
2025-08-01 13:37:44,384 - SeattleTimesScraper - INFO - Found 0 URLs from Wayback Machine
2025-08-01 13:37:44,402 - SeattleTimesScraper - INFO - Site may be rate limiting (202). Trying Wayback Machine...
2025-08-01 13:37:44,510 - __main__ - INFO - Found archived version: http://web.archive.org/web/20250409101602/https://www.seattletimes.com/politics/
2025-08-01 13:37:44,641 - SeattleTimesScraper - INFO - Found 0 URLs from Wayback Machine
2025-08-01 13:37:44,641 - __main__ - INFO - SeattleTimesScraper returned 0 articles
2025-08-01 13:37:46,643 - __main__ - INFO - Running SimpleSeattleTimesScraper...
2025-08-01 13:37:46,787 - SimpleSeattleTimesScraper - INFO - Few RSS results, trying Wayback Machine...
2025-08-01 13:37:46,910 - __main__ - INFO - Found archived version: http://web.archive.org/web/20250130031143/https://www.seattletimes.com/seattle-news/
2025-08-01 13:37:47,044 - __main__ - INFO - Found archived version: http://web.archive.org/web/20250101234156/https://www.seattletimes.com/seattle-news/
2025-08-01 13:37:47,179 - __main__ - INFO - Found archived version: http://web.archive.org/web/20241201030142/https://www.seattletimes.com/seattle-news/
2025-08-01 13:37:47,310 - __main__ - INFO - Found archived version: http://web.archive.org/web/20241102080816/https://www.seattletimes.com/seattle-news/
2025-08-01 13:37:47,871 - __main__ - INFO - SimpleSeattleTimesScraper returned 0 articles
2025-08-01 13:37:49,872 - __main__ - INFO - Running StrangerScraper...
2025-08-01 13:37:50,268 - StrangerScraper - INFO - Found 58 links on Stranger search page
2025-08-01 13:37:50,269 - StrangerScraper - INFO - No Stranger articles found, trying Wayback Machine...
2025-08-01 13:37:50,541 - StrangerScraper - INFO - Found 0 Stranger article links
2025-08-01 13:37:50,541 - __main__ - INFO - StrangerScraper returned 0 articles
2025-08-01 13:37:52,542 - __main__ - INFO - Running CHSScraper...
2025-08-01 13:37:52,915 - CHSScraper - INFO - Found 163 links on CHS search page
2025-08-01 13:37:52,915 - CHSScraper - INFO - Found 10 CHS article links
2025-08-01 13:38:08,512 - __main__ - INFO - CHSScraper returned 10 articles
2025-08-01 13:38:10,514 - __main__ - INFO - Running RSSFeedScraper...
2025-08-01 13:38:14,243 - __main__ - INFO - RSSFeedScraper returned 18 articles
2025-08-01 13:38:16,257 - __main__ - INFO - Removed 0 duplicates
2025-08-01 13:38:16,299 - __main__ - INFO - Saved 28 articles to seattle_news_20250801_133816.csv
2025-08-01 13:41:05,097 - __main__ - INFO - Running SeattleTimesScraper...
2025-08-01 13:41:05,215 - SeattleTimesScraper - INFO - Site may be rate limiting (202). Trying Wayback Machine...
2025-08-01 13:41:07,879 - __main__ - INFO - Found archived version: http://web.archive.org/web/20250730050005/https://www.seattletimes.com/seattle-news/
2025-08-01 13:41:09,557 - SeattleTimesScraper - INFO - Found 154 URLs from Wayback Machine
2025-08-01 13:41:27,441 - SeattleTimesScraper - INFO - Site may be rate limiting (202). Trying Wayback Machine...
2025-08-01 13:41:32,583 - __main__ - INFO - SeattleTimesScraper returned 1 articles
2025-08-01 13:41:34,584 - __main__ - INFO - Running SimpleSeattleTimesScraper...
2025-08-01 13:41:34,758 - SimpleSeattleTimesScraper - INFO - Few RSS results, trying Wayback Machine...
2025-08-01 13:41:40,551 - __main__ - INFO - Found archived version: http://web.archive.org/web/20250101234156/https://www.seattletimes.com/seattle-news/
2025-08-01 13:41:54,562 - __main__ - INFO - Found archived version: http://web.archive.org/web/20241001174142/https://www.seattletimes.com/seattle-news/
2025-08-01 13:41:57,959 - __main__ - INFO - SimpleSeattleTimesScraper returned 0 articles
2025-08-01 13:41:59,961 - __main__ - INFO - Running StrangerScraper...
2025-08-01 13:42:00,444 - StrangerScraper - INFO - Found 58 links on Stranger search page
2025-08-01 13:42:00,445 - StrangerScraper - INFO - No Stranger articles found, trying Wayback Machine...
2025-08-01 13:42:04,192 - StrangerScraper - INFO - Found 0 Stranger article links
2025-08-01 13:42:04,193 - __main__ - INFO - StrangerScraper returned 0 articles
2025-08-01 13:42:06,195 - __main__ - INFO - Running CHSScraper...
2025-08-01 13:42:06,805 - CHSScraper - INFO - Found 163 links on CHS search page
2025-08-01 13:42:06,807 - CHSScraper - INFO - Found 10 CHS article links
2025-08-01 13:42:23,723 - __main__ - INFO - CHSScraper returned 10 articles
2025-08-01 13:42:25,725 - __main__ - INFO - Running RSSFeedScraper...
2025-08-01 13:42:29,650 - __main__ - INFO - RSSFeedScraper returned 18 articles
2025-08-01 13:42:31,661 - __main__ - INFO - Removed 0 duplicates
2025-08-01 13:42:31,705 - __main__ - INFO - Saved 29 articles to seattle_news_20250801_134231.csv
2025-08-01 13:46:46,683 - __main__ - INFO - Running SeattleTimesScraper...
2025-08-01 13:46:46,824 - SeattleTimesScraper - INFO - Site may be rate limiting (202). Trying Wayback Machine...
2025-08-01 13:46:48,622 - __main__ - INFO - Found archived version: http://web.archive.org/web/20250730050005/https://www.seattletimes.com/seattle-news/
2025-08-01 13:46:50,002 - SeattleTimesScraper - INFO - Found 154 URLs from Wayback Machine
2025-08-01 13:47:08,887 - SeattleTimesScraper - INFO - Site may be rate limiting (202). Trying Wayback Machine...
2025-08-01 13:47:14,078 - __main__ - INFO - SeattleTimesScraper returned 1 articles
2025-08-01 13:47:16,081 - __main__ - INFO - Running SimpleSeattleTimesScraper...
2025-08-01 13:47:16,303 - SimpleSeattleTimesScraper - INFO - Few RSS results, trying Wayback Machine...
2025-08-01 13:47:36,144 - __main__ - INFO - Found archived version: http://web.archive.org/web/20241102080816/https://www.seattletimes.com/seattle-news/
2025-08-01 13:47:37,201 - __main__ - INFO - Found archived version: http://web.archive.org/web/20241001174142/https://www.seattletimes.com/seattle-news/
2025-08-01 13:47:42,222 - __main__ - INFO - SimpleSeattleTimesScraper returned 0 articles
2025-08-01 13:47:44,223 - __main__ - INFO - Running StrangerScraper...
2025-08-01 13:47:44,694 - StrangerScraper - INFO - Found 58 links on Stranger search page
2025-08-01 13:47:44,695 - StrangerScraper - INFO - No Stranger articles found, trying Wayback Machine...
2025-08-01 13:47:49,843 - StrangerScraper - INFO - Found 0 Stranger article links
2025-08-01 13:47:49,844 - __main__ - INFO - StrangerScraper returned 0 articles
2025-08-01 13:47:51,845 - __main__ - INFO - Running CHSScraper...
2025-08-01 13:47:52,439 - CHSScraper - INFO - Found 163 links on CHS search page
2025-08-01 13:47:52,440 - CHSScraper - INFO - Found 10 CHS article links
2025-08-01 13:48:07,328 - __main__ - INFO - CHSScraper returned 10 articles
2025-08-01 13:48:09,329 - __main__ - INFO - Running RSSFeedScraper...
2025-08-01 13:48:09,746 - RSSFeedScraper - INFO - No entries in KUOW RSS, trying multiple Wayback Machine snapshots...
2025-08-01 13:48:25,035 - __main__ - INFO - Found archived version: http://web.archive.org/web/20180725012047/http://kuow.org:80/rss
2025-08-01 13:48:26,951 - __main__ - INFO - Found archived version: http://web.archive.org/web/20180725012047/http://kuow.org:80/rss
2025-08-01 13:48:34,738 - RSSFeedScraper - INFO - No entries in Seattle Times Local RSS RSS, trying multiple Wayback Machine snapshots...
2025-08-01 13:48:58,384 - RSSFeedScraper - INFO - No entries in KIRO 7 RSS, trying multiple Wayback Machine snapshots...
2025-08-01 13:49:24,847 - RSSFeedScraper - INFO - No entries in KOMO News RSS, trying multiple Wayback Machine snapshots...
2025-08-01 13:49:48,972 - __main__ - INFO - RSSFeedScraper returned 18 articles
2025-08-01 13:49:50,976 - __main__ - INFO - Removed 0 duplicates
2025-08-01 13:49:50,987 - __main__ - INFO - Saved 29 articles to seattle_news_20250801_134950.csv
2025-08-01 13:50:02,129 - __main__ - INFO - Running SeattleTimesScraper...
2025-08-01 13:50:02,259 - SeattleTimesScraper - INFO - Site may be rate limiting (202). Trying Wayback Machine...
2025-08-01 13:50:02,361 - __main__ - INFO - Found archived version: http://web.archive.org/web/20250730050005/https://www.seattletimes.com/seattle-news/
2025-08-01 13:50:02,729 - SeattleTimesScraper - INFO - Found 154 URLs from Wayback Machine
2025-08-01 13:50:24,272 - SeattleTimesScraper - INFO - Site may be rate limiting (202). Trying Wayback Machine...
2025-08-01 13:50:24,410 - __main__ - INFO - SeattleTimesScraper returned 3 articles
2025-08-01 13:50:26,412 - __main__ - INFO - Running SimpleSeattleTimesScraper...
2025-08-01 13:50:26,748 - SimpleSeattleTimesScraper - INFO - Few RSS results, trying Wayback Machine...
2025-08-01 13:50:27,322 - __main__ - INFO - Found archived version: http://web.archive.org/web/20241102080816/https://www.seattletimes.com/seattle-news/
2025-08-01 13:50:27,462 - __main__ - INFO - Found archived version: http://web.archive.org/web/20241001174142/https://www.seattletimes.com/seattle-news/
2025-08-01 13:50:28,140 - __main__ - INFO - SimpleSeattleTimesScraper returned 0 articles
2025-08-01 13:50:30,140 - __main__ - INFO - Running StrangerScraper...
2025-08-01 13:50:31,042 - StrangerScraper - INFO - Found 58 Stranger article links from https://www.thestranger.com/news/
2025-08-01 13:50:33,585 - StrangerScraper - INFO - Found 16 Stranger article links from https://www.thestranger.com/stranger-election-control-board/
2025-08-01 13:51:03,815 - __main__ - INFO - StrangerScraper returned 9 articles
2025-08-01 13:51:05,817 - __main__ - INFO - Running CHSScraper...
2025-08-01 13:51:06,567 - CHSScraper - INFO - Found 163 links on CHS search page
2025-08-01 13:51:06,570 - CHSScraper - INFO - Found 10 CHS article links
2025-08-01 13:51:22,755 - __main__ - INFO - CHSScraper returned 10 articles
2025-08-01 13:51:24,759 - __main__ - INFO - Running RSSFeedScraper...
2025-08-01 13:51:25,297 - RSSFeedScraper - INFO - No entries in KUOW RSS, trying multiple Wayback Machine snapshots...
2025-08-01 13:51:25,924 - __main__ - INFO - Found archived version: http://web.archive.org/web/20180725012047/http://kuow.org:80/rss
2025-08-01 13:51:27,084 - __main__ - INFO - Found archived version: http://web.archive.org/web/20180725012047/http://kuow.org:80/rss
2025-08-01 13:51:28,954 - RSSFeedScraper - INFO - No entries in Seattle Times Local RSS RSS, trying multiple Wayback Machine snapshots...
2025-08-01 13:51:31,106 - RSSFeedScraper - INFO - No entries in KIRO 7 RSS, trying multiple Wayback Machine snapshots...
2025-08-01 13:51:34,193 - RSSFeedScraper - INFO - No entries in KOMO News RSS, trying multiple Wayback Machine snapshots...
2025-08-01 13:51:38,130 - __main__ - INFO - RSSFeedScraper returned 18 articles
2025-08-01 13:51:40,133 - __main__ - INFO - Removed 0 duplicates
2025-08-01 13:51:40,158 - __main__ - INFO - Saved 40 articles to seattle_news_20250801_135140.csv
2025-08-01 13:52:20,719 - __main__ - INFO - Running SeattleTimesScraper...
2025-08-01 13:52:20,853 - SeattleTimesScraper - INFO - Site may be rate limiting (202). Trying Wayback Machine...
2025-08-01 13:52:21,622 - __main__ - INFO - Found archived version: http://web.archive.org/web/20250730050005/https://www.seattletimes.com/seattle-news/
2025-08-01 13:52:24,082 - SeattleTimesScraper - INFO - Found 154 URLs from Wayback Machine
2025-08-01 13:52:49,445 - SeattleTimesScraper - INFO - Site may be rate limiting (202). Trying Wayback Machine...
2025-08-01 13:52:50,239 - __main__ - INFO - Found archived version: http://web.archive.org/web/20250409101602/https://www.seattletimes.com/politics/
2025-08-01 13:52:52,283 - SeattleTimesScraper - INFO - Found 163 URLs from Wayback Machine
2025-08-01 13:53:10,370 - __main__ - INFO - SeattleTimesScraper returned 4 articles
2025-08-01 13:53:12,374 - __main__ - INFO - Running SimpleSeattleTimesScraper...
2025-08-01 13:53:12,724 - SimpleSeattleTimesScraper - INFO - Few RSS results, trying Wayback Machine...
2025-08-01 13:53:19,705 - __main__ - INFO - Found archived version: http://web.archive.org/web/20250101234156/https://www.seattletimes.com/seattle-news/
2025-08-01 13:53:20,992 - __main__ - INFO - Found archived version: http://web.archive.org/web/20241201030142/https://www.seattletimes.com/seattle-news/
2025-08-01 13:53:27,671 - __main__ - INFO - Found archived version: http://web.archive.org/web/20241001174142/https://www.seattletimes.com/seattle-news/
2025-08-01 13:53:31,217 - __main__ - INFO - SimpleSeattleTimesScraper returned 0 articles
2025-08-01 13:53:33,220 - __main__ - INFO - Running StrangerScraper...
2025-08-01 13:53:34,562 - StrangerScraper - INFO - Found 58 Stranger article links from https://www.thestranger.com/news/
2025-08-01 13:53:36,184 - StrangerScraper - INFO - Found 16 Stranger article links from https://www.thestranger.com/stranger-election-control-board/
2025-08-01 13:53:55,224 - __main__ - INFO - StrangerScraper returned 10 articles
2025-08-01 13:53:57,226 - __main__ - INFO - Running CHSScraper...
2025-08-01 13:53:57,963 - CHSScraper - INFO - Found 163 links on CHS search page
2025-08-01 13:53:57,965 - CHSScraper - INFO - Found 10 CHS article links
2025-08-01 13:54:12,846 - __main__ - INFO - CHSScraper returned 10 articles
2025-08-01 13:54:14,847 - __main__ - INFO - Running RSSFeedScraper...
2025-08-01 13:54:15,329 - RSSFeedScraper - INFO - No entries in KUOW RSS, trying multiple Wayback Machine snapshots...
2025-08-01 13:54:16,397 - __main__ - INFO - Found archived version: http://web.archive.org/web/20180725012047/http://kuow.org:80/rss
2025-08-01 13:54:17,142 - __main__ - INFO - Found archived version: http://web.archive.org/web/20180725012047/http://kuow.org:80/rss
2025-08-01 13:54:34,979 - RSSFeedScraper - INFO - No entries in Seattle Times Local RSS RSS, trying multiple Wayback Machine snapshots...
2025-08-01 13:54:55,137 - RSSFeedScraper - INFO - No entries in KIRO 7 RSS, trying multiple Wayback Machine snapshots...
2025-08-01 13:55:17,904 - RSSFeedScraper - INFO - No entries in KOMO News RSS, trying multiple Wayback Machine snapshots...
2025-08-01 13:55:36,648 - __main__ - INFO - RSSFeedScraper returned 18 articles
2025-08-01 13:55:38,672 - __main__ - INFO - Removed 1 duplicates
2025-08-01 13:55:38,752 - __main__ - INFO - Saved 41 articles to seattle_news_20250801_135538.csv
2025-08-01 13:56:39,493 - __main__ - INFO - Running SeattleTimesScraper...
2025-08-01 13:56:39,634 - SeattleTimesScraper - INFO - Site may be rate limiting (202). Trying Wayback Machine...
2025-08-01 13:56:39,757 - __main__ - INFO - Found archived version: http://web.archive.org/web/20250730050005/https://www.seattletimes.com/seattle-news/
2025-08-01 13:56:40,183 - SeattleTimesScraper - INFO - Found 154 URLs from Wayback Machine
2025-08-01 13:57:01,024 - SeattleTimesScraper - INFO - Site may be rate limiting (202). Trying Wayback Machine...
2025-08-01 13:57:01,267 - __main__ - INFO - Found archived version: http://web.archive.org/web/20250409101602/https://www.seattletimes.com/politics/
2025-08-01 13:57:01,527 - SeattleTimesScraper - INFO - Found 163 URLs from Wayback Machine
2025-08-01 13:57:09,125 - SeattleTimesScraper - WARNING - No content extracted from http://web.archive.org/web/20250409101602/https://www.seattletimes.com/
2025-08-01 13:57:21,176 - __main__ - INFO - SeattleTimesScraper returned 6 articles
2025-08-01 13:57:23,177 - __main__ - INFO - Running SimpleSeattleTimesScraper...
2025-08-01 13:57:23,690 - SimpleSeattleTimesScraper - INFO - Few RSS results, trying Wayback Machine...
2025-08-01 13:57:23,975 - __main__ - INFO - Found archived version: http://web.archive.org/web/20250101234156/https://www.seattletimes.com/seattle-news/
2025-08-01 13:57:24,098 - __main__ - INFO - Found archived version: http://web.archive.org/web/20241201030142/https://www.seattletimes.com/seattle-news/
2025-08-01 13:57:24,368 - __main__ - INFO - Found archived version: http://web.archive.org/web/20241001174142/https://www.seattletimes.com/seattle-news/
2025-08-01 13:57:25,358 - __main__ - INFO - SimpleSeattleTimesScraper returned 0 articles
2025-08-01 13:57:27,360 - __main__ - INFO - Running StrangerScraper...
2025-08-01 13:57:28,286 - StrangerScraper - INFO - Found 58 Stranger article links from https://www.thestranger.com/news/
2025-08-01 13:57:29,933 - StrangerScraper - INFO - Found 16 Stranger article links from https://www.thestranger.com/stranger-election-control-board/
2025-08-01 13:57:51,058 - __main__ - INFO - StrangerScraper returned 9 articles
2025-08-01 13:57:53,060 - __main__ - INFO - Running CHSScraper...
2025-08-01 13:57:53,967 - CHSScraper - INFO - Found 163 links on CHS search page
2025-08-01 13:57:53,969 - CHSScraper - INFO - Found 10 CHS article links
2025-08-01 13:58:11,620 - __main__ - INFO - CHSScraper returned 10 articles
2025-08-01 13:58:13,624 - __main__ - INFO - Running RSSFeedScraper...
2025-08-01 13:58:14,350 - RSSFeedScraper - INFO - No entries in KUOW RSS, trying multiple Wayback Machine snapshots...
2025-08-01 13:58:14,519 - __main__ - INFO - Found archived version: http://web.archive.org/web/20180725012047/http://kuow.org:80/rss
2025-08-01 13:58:14,680 - __main__ - INFO - Found archived version: http://web.archive.org/web/20180725012047/http://kuow.org:80/rss
2025-08-01 13:58:17,466 - RSSFeedScraper - INFO - No entries in Seattle Times Local RSS RSS, trying multiple Wayback Machine snapshots...
2025-08-01 13:58:19,682 - RSSFeedScraper - INFO - No entries in KIRO 7 RSS, trying multiple Wayback Machine snapshots...
2025-08-01 13:58:23,118 - RSSFeedScraper - INFO - No entries in KOMO News RSS, trying multiple Wayback Machine snapshots...
2025-08-01 13:58:23,857 - __main__ - INFO - RSSFeedScraper returned 18 articles
2025-08-01 13:58:25,870 - __main__ - INFO - Removed 0 duplicates
2025-08-01 13:58:25,978 - __main__ - INFO - Saved 43 articles to seattle_news_20250801_135825.csv
2025-08-03 15:46:29,369 - __main__ - INFO - Running SeattleTimesScraper...
2025-08-03 15:46:29,487 - SeattleTimesScraper - INFO - Site may be rate limiting (202). Trying Wayback Machine...
2025-08-03 15:46:30,301 - __main__ - INFO - Found archived version: http://web.archive.org/web/20250803025832/https://www.seattletimes.com/seattle-news/
2025-08-03 15:46:31,919 - SeattleTimesScraper - INFO - Found 153 URLs from Wayback Machine
2025-08-03 15:46:48,012 - SeattleTimesScraper - INFO - Site may be rate limiting (202). Trying Wayback Machine...
2025-08-03 15:46:53,181 - __main__ - INFO - SeattleTimesScraper returned 1 articles
2025-08-03 15:46:55,183 - __main__ - INFO - Running SimpleSeattleTimesScraper...
2025-08-03 15:46:55,332 - SimpleSeattleTimesScraper - INFO - Few RSS results, trying Wayback Machine...
2025-08-03 15:47:07,979 - __main__ - INFO - Found archived version: http://web.archive.org/web/20241201030142/https://www.seattletimes.com/seattle-news/
2025-08-03 15:47:12,019 - __main__ - INFO - Found archived version: http://web.archive.org/web/20241102080816/https://www.seattletimes.com/seattle-news/
2025-08-03 15:47:20,870 - __main__ - INFO - SimpleSeattleTimesScraper returned 0 articles
2025-08-03 15:47:22,874 - __main__ - INFO - Running StrangerScraper...
2025-08-03 15:47:23,972 - StrangerScraper - INFO - Found 58 Stranger article links from https://www.thestranger.com/news/
2025-08-03 15:47:26,452 - StrangerScraper - INFO - Found 16 Stranger article links from https://www.thestranger.com/stranger-election-control-board/
2025-08-03 15:48:04,358 - __main__ - INFO - StrangerScraper returned 10 articles
2025-08-03 15:48:06,365 - __main__ - INFO - Running CHSScraper...
2025-08-03 15:48:09,922 - CHSScraper - INFO - Found 163 links on CHS search page
2025-08-03 15:48:09,922 - CHSScraper - INFO - Found 10 CHS article links
2025-08-03 15:48:39,404 - __main__ - INFO - CHSScraper returned 10 articles
2025-08-03 15:48:41,410 - __main__ - INFO - Running RSSFeedScraper...
2025-08-03 15:48:42,008 - RSSFeedScraper - INFO - No entries in KUOW RSS, trying multiple Wayback Machine snapshots...
2025-08-03 15:48:47,968 - __main__ - INFO - Found archived version: http://web.archive.org/web/20180725012047/http://kuow.org:80/rss
2025-08-03 15:48:49,700 - __main__ - INFO - Found archived version: http://web.archive.org/web/20180725012047/http://kuow.org:80/rss
2025-08-03 15:49:02,172 - RSSFeedScraper - INFO - No entries in Seattle Times Local RSS RSS, trying multiple Wayback Machine snapshots...
2025-08-03 15:49:27,300 - RSSFeedScraper - INFO - No entries in KIRO 7 RSS, trying multiple Wayback Machine snapshots...
2025-08-03 15:49:43,540 - RSSFeedScraper - INFO - No entries in KOMO News RSS, trying multiple Wayback Machine snapshots...
2025-08-03 15:50:00,425 - __main__ - INFO - RSSFeedScraper returned 12 articles
2025-08-03 15:50:02,440 - __main__ - INFO - Removed 0 duplicates
2025-08-03 15:50:02,471 - __main__ - INFO - Saved 33 articles to seattle_news_20250803_155002.csv
2025-08-03 15:51:48,523 - __main__ - INFO - Running SeattleTimesScraper...
2025-08-03 15:51:48,627 - SeattleTimesScraper - INFO - Site may be rate limiting (202). Trying Wayback Machine...
2025-08-03 15:51:53,810 - SeattleTimesScraper - INFO - Site may be rate limiting (202). Trying Wayback Machine...
2025-08-03 15:51:58,973 - __main__ - INFO - SeattleTimesScraper returned 0 articles
2025-08-03 15:52:00,974 - __main__ - INFO - Running SimpleSeattleTimesScraper...
2025-08-03 15:52:01,127 - SimpleSeattleTimesScraper - INFO - Few RSS results, trying Wayback Machine...
2025-08-03 15:52:07,191 - __main__ - INFO - Found archived version: http://web.archive.org/web/20250101234156/https://www.seattletimes.com/seattle-news/
2025-08-03 15:52:23,963 - __main__ - INFO - SimpleSeattleTimesScraper returned 0 articles
2025-08-03 15:52:25,969 - __main__ - INFO - Running StrangerScraper...
2025-08-03 15:52:27,216 - StrangerScraper - INFO - Found 58 Stranger article links from https://www.thestranger.com/news/
2025-08-03 15:52:28,586 - StrangerScraper - INFO - Found 16 Stranger article links from https://www.thestranger.com/stranger-election-control-board/
2025-08-03 15:53:07,026 - __main__ - INFO - StrangerScraper returned 9 articles
2025-08-03 15:53:09,027 - __main__ - INFO - Running CHSScraper...
2025-08-03 15:53:09,513 - CHSScraper - INFO - Found 163 links on CHS search page
2025-08-03 15:53:09,513 - CHSScraper - INFO - Found 10 CHS article links
2025-08-03 15:53:22,943 - __main__ - INFO - CHSScraper returned 10 articles
2025-08-03 15:53:24,948 - __main__ - INFO - Running RSSFeedScraper...
2025-08-03 15:53:25,298 - RSSFeedScraper - INFO - No entries in KUOW RSS, trying multiple Wayback Machine snapshots...
2025-08-03 15:53:25,568 - __main__ - INFO - Found archived version: http://web.archive.org/web/20180725012047/http://kuow.org:80/rss
2025-08-03 15:53:25,683 - __main__ - INFO - Found archived version: http://web.archive.org/web/20180725012047/http://kuow.org:80/rss
2025-08-03 15:53:26,702 - RSSFeedScraper - INFO - No entries in Seattle Times Local RSS RSS, trying multiple Wayback Machine snapshots...
2025-08-03 15:53:28,361 - RSSFeedScraper - INFO - No entries in KIRO 7 RSS, trying multiple Wayback Machine snapshots...
2025-08-03 15:53:29,585 - RSSFeedScraper - INFO - No entries in KOMO News RSS, trying multiple Wayback Machine snapshots...
2025-08-03 15:53:30,343 - __main__ - INFO - RSSFeedScraper returned 12 articles
2025-08-03 15:53:32,349 - __main__ - INFO - Removed 0 duplicates
2025-08-03 15:53:32,349 - __main__ - INFO - Saved 31 articles to seattle_news_20250803_155332.csv
2025-08-03 16:00:34,727 - __main__ - INFO - Running SeattleTimesScraper...
2025-08-03 16:00:34,835 - SeattleTimesScraper - INFO - Site may be rate limiting (202). Trying Wayback Machine...
2025-08-03 16:00:37,442 - SeattleTimesScraper - INFO - Found 0 URLs from Wayback Machine
2025-08-03 16:00:37,468 - SeattleTimesScraper - INFO - Site may be rate limiting (202). Trying Wayback Machine...
2025-08-03 16:00:43,454 - SeattleTimesScraper - INFO - Found 0 URLs from Wayback Machine
2025-08-03 16:00:43,454 - __main__ - INFO - SeattleTimesScraper returned 0 articles
2025-08-03 16:00:44,455 - __main__ - INFO - Running SimpleSeattleTimesScraper...
2025-08-03 16:00:44,589 - SimpleSeattleTimesScraper - INFO - Few RSS results, trying Wayback Machine...
2025-08-03 16:00:51,908 - __main__ - INFO - SimpleSeattleTimesScraper returned 0 articles
2025-08-03 16:00:52,910 - __main__ - INFO - Running StrangerScraper...
2025-08-03 16:00:54,393 - StrangerScraper - INFO - Found 58 Stranger article links from https://www.thestranger.com/news/
2025-08-03 16:00:55,511 - StrangerScraper - INFO - Found 16 Stranger article links from https://www.thestranger.com/stranger-election-control-board/
2025-08-03 16:01:23,343 - __main__ - INFO - StrangerScraper returned 10 articles
2025-08-03 16:01:24,344 - __main__ - INFO - Running CHSScraper...
2025-08-03 16:01:24,814 - CHSScraper - INFO - Found 163 links on CHS search page
2025-08-03 16:01:24,815 - CHSScraper - INFO - Found 10 CHS article links
2025-08-03 16:01:33,140 - __main__ - INFO - CHSScraper returned 10 articles
2025-08-03 16:01:34,140 - __main__ - INFO - Running RSSFeedScraper...
2025-08-03 16:01:34,322 - RSSFeedScraper - INFO - No entries in Seattle Times RSS RSS, trying Wayback Machine...
2025-08-03 16:01:37,496 - RSSFeedScraper - INFO - RSS KING 5: 40 entries
2025-08-03 16:01:37,504 - __main__ - INFO - RSSFeedScraper returned 8 articles
2025-08-03 16:01:38,505 - __main__ - INFO - Running WebScrapingScraper...
2025-08-03 16:01:38,505 - WebScrapingScraper - INFO - Scraping KIRO 7...
2025-08-03 16:01:39,197 - WebScrapingScraper - INFO - Scraping KOMO News...
2025-08-03 16:01:39,847 - WebScrapingScraper - INFO - Scraping KUOW...
2025-08-03 16:01:40,489 - __main__ - INFO - WebScrapingScraper returned 0 articles
2025-08-03 16:01:41,492 - __main__ - INFO - Removed 0 duplicates
2025-08-03 16:01:41,501 - __main__ - INFO - Saved 28 articles to seattle_news_20250803_160141.csv
2025-08-03 16:03:24,139 - __main__ - INFO - Running SeattleTimesScraper...
2025-08-03 16:03:24,256 - SeattleTimesScraper - INFO - Site may be rate limiting (202). Trying Wayback Machine...
2025-08-03 16:03:24,720 - SeattleTimesScraper - INFO - Found 106 URLs from Wayback Machine
2025-08-03 16:03:37,690 - SeattleTimesScraper - INFO - Site may be rate limiting (202). Trying Wayback Machine...
2025-08-03 16:03:38,026 - SeattleTimesScraper - INFO - Found 124 URLs from Wayback Machine
2025-08-03 16:03:47,133 - SeattleTimesScraper - WARNING - Failed to extract from http://web.archive.org/web/20250215090825/http://www.seattletimes.com/politics/: 403 Client Error: Forbidden for url: http://web.archive.org/web/20250215090825/http://www.seattletimes.com/politics/. Trying Wayback Machine...
2025-08-03 16:03:50,637 - __main__ - INFO - SeattleTimesScraper returned 4 articles
2025-08-03 16:03:51,638 - __main__ - INFO - Running SimpleSeattleTimesScraper...
2025-08-03 16:03:51,803 - SimpleSeattleTimesScraper - INFO - Few RSS results, trying Wayback Machine...
2025-08-03 16:03:52,292 - __main__ - INFO - SimpleSeattleTimesScraper returned 0 articles
2025-08-03 16:03:53,293 - __main__ - INFO - Running StrangerScraper...
2025-08-03 16:03:55,148 - StrangerScraper - INFO - Found 58 Stranger article links from https://www.thestranger.com/news/
2025-08-03 16:03:56,379 - StrangerScraper - INFO - Found 16 Stranger article links from https://www.thestranger.com/stranger-election-control-board/
2025-08-03 16:04:18,479 - __main__ - INFO - StrangerScraper returned 10 articles
2025-08-03 16:04:19,480 - __main__ - INFO - Running CHSScraper...
2025-08-03 16:04:20,040 - CHSScraper - INFO - Found 163 links on CHS search page
2025-08-03 16:04:20,040 - CHSScraper - INFO - Found 10 CHS article links
2025-08-03 16:04:28,310 - __main__ - INFO - CHSScraper returned 10 articles
2025-08-03 16:04:29,311 - __main__ - INFO - Running RSSFeedScraper...
2025-08-03 16:04:29,457 - RSSFeedScraper - INFO - No entries in Seattle Times RSS RSS, trying Wayback Machine...
2025-08-03 16:04:30,333 - RSSFeedScraper - INFO - RSS KING 5: 40 entries
2025-08-03 16:04:30,340 - __main__ - INFO - RSSFeedScraper returned 8 articles
2025-08-03 16:04:31,341 - __main__ - INFO - Running WebScrapingScraper...
2025-08-03 16:04:31,341 - WebScrapingScraper - INFO - Scraping KIRO 7...
2025-08-03 16:04:31,520 - WebScrapingScraper - INFO - Found 32 potential article URLs for KIRO 7
2025-08-03 16:04:46,143 - WebScrapingScraper - INFO - Extracted 10 articles from KIRO 7
2025-08-03 16:04:46,661 - WebScrapingScraper - INFO - Scraping KOMO News...
2025-08-03 16:04:46,806 - WebScrapingScraper - INFO - Found 24 potential article URLs for KOMO News
2025-08-03 16:04:52,580 - WebScrapingScraper - INFO - Extracted 10 articles from KOMO News
2025-08-03 16:04:53,091 - WebScrapingScraper - INFO - Scraping KUOW...
2025-08-03 16:04:53,479 - WebScrapingScraper - INFO - Found 0 potential article URLs for KUOW
2025-08-03 16:04:53,480 - WebScrapingScraper - INFO - Extracted 0 articles from KUOW
2025-08-03 16:04:53,984 - __main__ - INFO - WebScrapingScraper returned 13 articles
2025-08-03 16:04:54,986 - __main__ - INFO - Removed 0 duplicates
2025-08-03 16:04:54,996 - __main__ - INFO - Saved 45 articles to seattle_news_20250803_160454.csv
